<?xml version="1.0" encoding="UTF-8"?>
<!-- Generated by org.testng.reporters.JUnitXMLReporter -->
<testsuite ignored="0" hostname="Pavan_Laptop" failures="0" tests="3" name="ErrorValidationTest" time="8.181" errors="0" timestamp="2022-11-17T22:11:08 IST">
  <testcase classname="product.SL_ErrorValidations" name="SL_Password_Missing" time="2.599"/>
  <testcase classname="product.SL_ErrorValidations" name="SL_Username_MIssing" time="2.773"/>
  <testcase classname="product.SL_ErrorValidations" name="SL_Wrong_Credentials" time="2.795"/>
</testsuite> <!-- ErrorValidationTest -->
